Unity Editor version:    2022.3.10f1 (ff3792e53c62)
Branch:                  2022.3/staging
Build type:              Release
Batch mode:              YES
macOS version:           Version 13.5.1 (Build 22G90)
Darwin version:          22.6.0
Architecture:            arm64
Running under Rosetta:   NO
Available memory:        16384 MB
Using pre-set license
Pro License: YES

COMMAND LINE ARGUMENTS:
/Applications/Unity/Hub/Editor/2022.3.10f1/Unity.app/Contents/MacOS/Unity
-adb2
-batchMode
-noUpm
-name
AssetImportWorker0
-projectPath
/Users/simona/Web3-dev/cozyverse/unity/cozy-trading-unity
-logFile
Logs/AssetImportWorker0.log
-srvPort
50110
Successfully changed project path to: /Users/simona/Web3-dev/cozyverse/unity/cozy-trading-unity
/Users/simona/Web3-dev/cozyverse/unity/cozy-trading-unity
[UnityMemory] Configuration Parameters - Can be set up in boot.config
    "memorysetup-bucket-allocator-granularity=16"
    "memorysetup-bucket-allocator-bucket-count=8"
    "memorysetup-bucket-allocator-block-size=33554432"
    "memorysetup-bucket-allocator-block-count=8"
    "memorysetup-main-allocator-block-size=16777216"
    "memorysetup-thread-allocator-block-size=16777216"
    "memorysetup-gfx-main-allocator-block-size=16777216"
    "memorysetup-gfx-thread-allocator-block-size=16777216"
    "memorysetup-cache-allocator-block-size=4194304"
    "memorysetup-typetree-allocator-block-size=2097152"
    "memorysetup-profiler-bucket-allocator-granularity=16"
    "memorysetup-profiler-bucket-allocator-bucket-count=8"
    "memorysetup-profiler-bucket-allocator-block-size=33554432"
    "memorysetup-profiler-bucket-allocator-block-count=8"
    "memorysetup-profiler-allocator-block-size=16777216"
    "memorysetup-profiler-editor-allocator-block-size=1048576"
    "memorysetup-temp-allocator-size-main=16777216"
    "memorysetup-job-temp-allocator-block-size=2097152"
    "memorysetup-job-temp-allocator-block-size-background=1048576"
    "memorysetup-job-temp-allocator-reduction-small-platforms=262144"
    "memorysetup-allocator-temp-initial-block-size-main=262144"
    "memorysetup-allocator-temp-initial-block-size-worker=262144"
    "memorysetup-temp-allocator-size-background-worker=32768"
    "memorysetup-temp-allocator-size-job-worker=262144"
    "memorysetup-temp-allocator-size-preload-manager=33554432"
    "memorysetup-temp-allocator-size-nav-mesh-worker=65536"
    "memorysetup-temp-allocator-size-audio-worker=65536"
    "memorysetup-temp-allocator-size-cloud-worker=32768"
    "memorysetup-temp-allocator-size-gi-baking-worker=262144"
    "memorysetup-temp-allocator-size-gfx=262144"
Player connection [8423710848] Host "[IP] 192.168.0.220 [Port] 0 [Flags] 2 [Guid] 963530909 [EditorId] 963530909 [Version] 1048832 [Id] OSXEditor(0,Simonas-MacBook-Air.local) [Debug] 1 [PackageName] OSXEditor [ProjectName] Editor" joined multi-casting on [225.0.0.222:54997]...

Player connection [8423710848] Host "[IP] 192.168.0.220 [Port] 0 [Flags] 2 [Guid] 963530909 [EditorId] 963530909 [Version] 1048832 [Id] OSXEditor(0,Simonas-MacBook-Air.local) [Debug] 1 [PackageName] OSXEditor [ProjectName] Editor" joined alternative multi-casting on [225.0.0.222:34997]...

[Physics::Module] Initialized MultithreadedJobDispatcher with 7 workers.
Refreshing native plugins compatible for Editor in 67.18 ms, found 4 plugins.
Preloading 0 native plugins for Editor in 0.00 ms.
Initialize engine version: 2022.3.10f1 (ff3792e53c62)
[Subsystems] Discovering subsystems at path /Applications/Unity/Hub/Editor/2022.3.10f1/Unity.app/Contents/Resources/UnitySubsystems
[Subsystems] Discovering subsystems at path /Users/simona/Web3-dev/cozyverse/unity/cozy-trading-unity/Assets
GfxDevice: creating device client; threaded=0; jobified=0
 preferred device: Apple M2 (high power)
Metal devices available: 1
0: Apple M2 (high power)
Using device Apple M2 (high power)
Initializing Metal device caps: Apple M2
Initialize mono
Mono path[0] = '/Applications/Unity/Hub/Editor/2022.3.10f1/Unity.app/Contents/Managed'
Mono path[1] = '/Applications/Unity/Hub/Editor/2022.3.10f1/Unity.app/Contents/MonoBleedingEdge/lib/mono/unityjit-macos'
Mono config path = '/Applications/Unity/Hub/Editor/2022.3.10f1/Unity.app/Contents/MonoBleedingEdge/etc'
Using monoOptions --debugger-agent=transport=dt_socket,embedding=1,server=y,suspend=n,address=127.0.0.1:56703
Begin MonoManager ReloadAssembly
Registering precompiled unity dll's ...
Register platform support module: /Applications/Unity/Hub/Editor/2022.3.10f1/PlaybackEngines/WebGLSupport/UnityEditor.WebGL.Extensions.dll
Register platform support module: /Applications/Unity/Hub/Editor/2022.3.10f1/Unity.app/Contents/PlaybackEngines/MacStandaloneSupport/UnityEditor.OSXStandalone.Extensions.dll
Registered in 0.004359 seconds.
- Loaded All Assemblies, in  0.485 seconds
Native extension for OSXStandalone target not found
Native extension for WebGL target not found
Mono: successfully reloaded assembly
- Finished resetting the current domain, in  0.393 seconds
Domain Reload Profiling: 878ms
	BeginReloadAssembly (144ms)
		ExecutionOrderSort (0ms)
		DisableScriptedObjects (0ms)
		BackupInstance (0ms)
		ReleaseScriptingObjects (0ms)
		CreateAndSetChildDomain (1ms)
	RebuildCommonClasses (45ms)
	RebuildNativeTypeToScriptingClass (17ms)
	initialDomainReloadingComplete (69ms)
	LoadAllAssembliesAndSetupDomain (209ms)
		LoadAssemblies (144ms)
		RebuildTransferFunctionScriptingTraits (0ms)
		AnalyzeDomain (205ms)
			TypeCache.Refresh (203ms)
				TypeCache.ScanAssembly (181ms)
			ScanForSourceGeneratedMonoScriptInfo (1ms)
			ResolveRequiredComponents (1ms)
	FinalizeReload (393ms)
		ReleaseScriptCaches (0ms)
		RebuildScriptCaches (0ms)
		SetupLoadedEditorAssemblies (287ms)
			LogAssemblyErrors (0ms)
			InitializePlatformSupportModulesInManaged (12ms)
			SetLoadedEditorAssemblies (7ms)
			RefreshPlugins (0ms)
			BeforeProcessingInitializeOnLoad (3ms)
			ProcessInitializeOnLoadAttributes (195ms)
			ProcessInitializeOnLoadMethodAttributes (70ms)
			AfterProcessingInitializeOnLoad (0ms)
			EditorAssembliesLoaded (0ms)
		ExecutionOrderSort2 (0ms)
		AwakeInstancesAfterBackupRestoration (0ms)
========================================================================
Worker process is ready to serve import requests
Begin MonoManager ReloadAssembly
- Loaded All Assemblies, in  1.666 seconds
Refreshing native plugins compatible for Editor in 12.89 ms, found 4 plugins.
Native extension for OSXStandalone target not found
Native extension for WebGL target not found
Package Manager log level set to [2]
[Package Manager] Server::EnsureServerProcessIsRunning -- launch failed, reason: Unity was launched with the -noUpm command-line argument
[Package Manager] UpmClient::Send -- Unable to send message (not connected to UPM process).
[Package Manager] Cannot connect to Unity Package Manager local server
Mono: successfully reloaded assembly
- Finished resetting the current domain, in  1.000 seconds
Domain Reload Profiling: 2666ms
	BeginReloadAssembly (199ms)
		ExecutionOrderSort (0ms)
		DisableScriptedObjects (7ms)
		BackupInstance (0ms)
		ReleaseScriptingObjects (0ms)
		CreateAndSetChildDomain (59ms)
	RebuildCommonClasses (59ms)
	RebuildNativeTypeToScriptingClass (19ms)
	initialDomainReloadingComplete (112ms)
	LoadAllAssembliesAndSetupDomain (1276ms)
		LoadAssemblies (680ms)
		RebuildTransferFunctionScriptingTraits (0ms)
		AnalyzeDomain (674ms)
			TypeCache.Refresh (631ms)
				TypeCache.ScanAssembly (568ms)
			ScanForSourceGeneratedMonoScriptInfo (33ms)
			ResolveRequiredComponents (9ms)
	FinalizeReload (1001ms)
		ReleaseScriptCaches (0ms)
		RebuildScriptCaches (0ms)
		SetupLoadedEditorAssemblies (740ms)
			LogAssemblyErrors (0ms)
			InitializePlatformSupportModulesInManaged (7ms)
			SetLoadedEditorAssemblies (7ms)
			RefreshPlugins (0ms)
			BeforeProcessingInitializeOnLoad (97ms)
			ProcessInitializeOnLoadAttributes (581ms)
			ProcessInitializeOnLoadMethodAttributes (45ms)
			AfterProcessingInitializeOnLoad (2ms)
			EditorAssembliesLoaded (0ms)
		ExecutionOrderSort2 (0ms)
		AwakeInstancesAfterBackupRestoration (6ms)
Launching external process: /Applications/Unity/Hub/Editor/2022.3.10f1/Unity.app/Contents/Tools/UnityShaderCompiler
Launched and connected shader compiler UnityShaderCompiler after 0.23 seconds
Refreshing native plugins compatible for Editor in 12.24 ms, found 4 plugins.
Preloading 0 native plugins for Editor in 0.00 ms.
Unloading 4501 Unused Serialized files (Serialized files now loaded: 0)
Unloading 192 unused Assets / (0.8 MB). Loaded Objects now: 4850.
Memory consumption went from 161.7 MB to 160.9 MB.
Total: 6.788583 ms (FindLiveObjects: 0.270083 ms CreateObjectMapping: 0.185416 ms MarkObjects: 5.699542 ms  DeleteObjects: 0.633000 ms)

AssetImportParameters requested are different than current active one (requested -> active):
  custom:container-demuxer-ogg: 62fdf1f143b41e24485cea50d1cbac27 -> 
  custom:video-decoder-ogg-theora: a1e56fd34408186e4bbccfd4996cb3dc -> 
  custom:CustomObjectIndexerAttribute: 756ad292c208cfabdd7b50bc23989ffe -> 
  custom:container-demuxer-webm: 4f35f7cbe854078d1ac9338744f61a02 -> 
  custom:container-muxer-webm: aa71ff27fc2769a1b78a27578f13a17b -> 
  custom:video-decoder-webm-vp8: 9c59270c3fd7afecdb556c50c9e8de78 -> 
  custom:SearchIndexIgnoredProperties: e643bd26f0fe6173181afceb89e7c659 -> 
  custom:AudioImporter_EditorPlatform: 3918e3fc78b5a79bad01e8451be0beb8 -> 
  custom:framework-osx-AVFoundation: e770b220cccbd017edd2c1fefb359320 -> 
  custom:video-encoder-webm-vp8: eb34c28f22e8b96e1ab97ce403110664 -> 
  custom:audio-decoder-ogg-vorbis: bf7c407c2cedff20999df2af8eb42d56 -> 
  custom:audio-encoder-webm-vorbis: bf7c407c2cedff20999df2af8eb42d56 -> 
========================================================================
Received Import Request.
  Time since last request: 605343.495729 seconds.
  path: Assets/Thirdweb/Examples/Prefabs/Prefab_NFT.prefab
  artifactKey: Guid(41381d62941a9e74c92c44c6ff55ad50) Importer(815301076,1909f56bfc062723c751e8b465ee728b)
Start importing Assets/Thirdweb/Examples/Prefabs/Prefab_NFT.prefab using Guid(41381d62941a9e74c92c44c6ff55ad50) Importer(815301076,1909f56bfc062723c751e8b465ee728b)  -> (artifact id: '0ff2ff1cd0fb445323250ff28080d5d2') in 0.087057 seconds
Number of updated asset objects reloaded before import = 0
Number of asset objects unloaded after import = 27
========================================================================
Received Import Request.
  Time since last request: 0.796917 seconds.
  path: Assets/Thirdweb/Examples/Prefabs/Prefab_NFT.prefab
  artifactKey: Guid(41381d62941a9e74c92c44c6ff55ad50) Importer(815301076,1909f56bfc062723c751e8b465ee728b)
Start importing Assets/Thirdweb/Examples/Prefabs/Prefab_NFT.prefab using Guid(41381d62941a9e74c92c44c6ff55ad50) Importer(815301076,1909f56bfc062723c751e8b465ee728b)  -> (artifact id: 'af354024826608b49ddcad18b0f9ac9b') in 0.018778 seconds
Number of updated asset objects reloaded before import = 0
Number of asset objects unloaded after import = 27
========================================================================
Received Import Request.
  Time since last request: 3.630188 seconds.
  path: Assets/Thirdweb/Examples/Prefabs/Prefab_NFT.prefab
  artifactKey: Guid(41381d62941a9e74c92c44c6ff55ad50) Importer(815301076,1909f56bfc062723c751e8b465ee728b)
Start importing Assets/Thirdweb/Examples/Prefabs/Prefab_NFT.prefab using Guid(41381d62941a9e74c92c44c6ff55ad50) Importer(815301076,1909f56bfc062723c751e8b465ee728b)  -> (artifact id: 'b936784281e10210ef6bc838743aa3f1') in 0.022572 seconds
Number of updated asset objects reloaded before import = 0
Number of asset objects unloaded after import = 27
========================================================================
Received Import Request.
  Time since last request: 5.221616 seconds.
  path: Assets/Thirdweb/Examples/Prefabs/Prefab_NFT.prefab
  artifactKey: Guid(41381d62941a9e74c92c44c6ff55ad50) Importer(815301076,1909f56bfc062723c751e8b465ee728b)
Start importing Assets/Thirdweb/Examples/Prefabs/Prefab_NFT.prefab using Guid(41381d62941a9e74c92c44c6ff55ad50) Importer(815301076,1909f56bfc062723c751e8b465ee728b)  -> (artifact id: 'ae67d31f1c207dcb04f6da6f74bc9850') in 0.017672 seconds
Number of updated asset objects reloaded before import = 0
Number of asset objects unloaded after import = 27
========================================================================
Received Import Request.
  Time since last request: 2.802716 seconds.
  path: Assets/Thirdweb/Examples/Prefabs/Prefab_NFT.prefab
  artifactKey: Guid(41381d62941a9e74c92c44c6ff55ad50) Importer(815301076,1909f56bfc062723c751e8b465ee728b)
Start importing Assets/Thirdweb/Examples/Prefabs/Prefab_NFT.prefab using Guid(41381d62941a9e74c92c44c6ff55ad50) Importer(815301076,1909f56bfc062723c751e8b465ee728b)  -> (artifact id: 'd6b6c11ef430e7abaa8ef960a9b6b272') in 0.016824 seconds
Number of updated asset objects reloaded before import = 0
Number of asset objects unloaded after import = 27
========================================================================
Received Import Request.
  Time since last request: 1.399795 seconds.
  path: Assets/Thirdweb/Examples/Prefabs/Prefab_NFT.prefab
  artifactKey: Guid(41381d62941a9e74c92c44c6ff55ad50) Importer(815301076,1909f56bfc062723c751e8b465ee728b)
Start importing Assets/Thirdweb/Examples/Prefabs/Prefab_NFT.prefab using Guid(41381d62941a9e74c92c44c6ff55ad50) Importer(815301076,1909f56bfc062723c751e8b465ee728b)  -> (artifact id: 'ffd9c1c35309766966a6f9fac011a871') in 0.016476 seconds
Number of updated asset objects reloaded before import = 0
Number of asset objects unloaded after import = 27
========================================================================
Received Import Request.
  Time since last request: 1.798571 seconds.
  path: Assets/Thirdweb/Examples/Prefabs/Prefab_NFT.prefab
  artifactKey: Guid(41381d62941a9e74c92c44c6ff55ad50) Importer(815301076,1909f56bfc062723c751e8b465ee728b)
Start importing Assets/Thirdweb/Examples/Prefabs/Prefab_NFT.prefab using Guid(41381d62941a9e74c92c44c6ff55ad50) Importer(815301076,1909f56bfc062723c751e8b465ee728b)  -> (artifact id: '7582b3cfd98b0c64000a3c45c33772ae') in 0.017181 seconds
Number of updated asset objects reloaded before import = 0
Number of asset objects unloaded after import = 27
========================================================================
Received Import Request.
  Time since last request: 3.223483 seconds.
  path: Assets/Thirdweb/Examples/Prefabs/Prefab_NFT.prefab
  artifactKey: Guid(41381d62941a9e74c92c44c6ff55ad50) Importer(815301076,1909f56bfc062723c751e8b465ee728b)
Start importing Assets/Thirdweb/Examples/Prefabs/Prefab_NFT.prefab using Guid(41381d62941a9e74c92c44c6ff55ad50) Importer(815301076,1909f56bfc062723c751e8b465ee728b)  -> (artifact id: '541d23adbabebb7505f95ab64c584d8f') in 0.019620 seconds
Number of updated asset objects reloaded before import = 0
Number of asset objects unloaded after import = 27
========================================================================
Received Import Request.
  Time since last request: 1.795611 seconds.
  path: Assets/Thirdweb/Examples/Prefabs/Prefab_NFT.prefab
  artifactKey: Guid(41381d62941a9e74c92c44c6ff55ad50) Importer(815301076,1909f56bfc062723c751e8b465ee728b)
Start importing Assets/Thirdweb/Examples/Prefabs/Prefab_NFT.prefab using Guid(41381d62941a9e74c92c44c6ff55ad50) Importer(815301076,1909f56bfc062723c751e8b465ee728b)  -> (artifact id: '9ff6db039ca5311c0a314f87f98e03ea') in 0.027641 seconds
Number of updated asset objects reloaded before import = 0
Number of asset objects unloaded after import = 27
========================================================================
Received Import Request.
  Time since last request: 6.433404 seconds.
  path: Assets/Thirdweb/Examples/Prefabs/Prefab_NFT.prefab
  artifactKey: Guid(41381d62941a9e74c92c44c6ff55ad50) Importer(815301076,1909f56bfc062723c751e8b465ee728b)
Start importing Assets/Thirdweb/Examples/Prefabs/Prefab_NFT.prefab using Guid(41381d62941a9e74c92c44c6ff55ad50) Importer(815301076,1909f56bfc062723c751e8b465ee728b)  -> (artifact id: '11b173dfd38791f4abbfd7436ddf76ac') in 0.018473 seconds
Number of updated asset objects reloaded before import = 0
Number of asset objects unloaded after import = 27
========================================================================
Received Import Request.
  Time since last request: 9.670271 seconds.
  path: Assets/Thirdweb/Examples/Prefabs/Prefab_NFT.prefab
  artifactKey: Guid(41381d62941a9e74c92c44c6ff55ad50) Importer(815301076,1909f56bfc062723c751e8b465ee728b)
Start importing Assets/Thirdweb/Examples/Prefabs/Prefab_NFT.prefab using Guid(41381d62941a9e74c92c44c6ff55ad50) Importer(815301076,1909f56bfc062723c751e8b465ee728b)  -> (artifact id: '00699c6b9e8580cc022193f000b42854') in 0.016201 seconds
Number of updated asset objects reloaded before import = 0
Number of asset objects unloaded after import = 27
========================================================================
Received Import Request.
  Time since last request: 9.277245 seconds.
  path: Assets/Thirdweb/Examples/Prefabs/Prefab_NFT.prefab
  artifactKey: Guid(41381d62941a9e74c92c44c6ff55ad50) Importer(815301076,1909f56bfc062723c751e8b465ee728b)
Start importing Assets/Thirdweb/Examples/Prefabs/Prefab_NFT.prefab using Guid(41381d62941a9e74c92c44c6ff55ad50) Importer(815301076,1909f56bfc062723c751e8b465ee728b)  -> (artifact id: '3ed5ca33e3712134746bf01e082a216e') in 0.017504 seconds
Number of updated asset objects reloaded before import = 0
Number of asset objects unloaded after import = 27
========================================================================
Received Import Request.
  Time since last request: 32.743863 seconds.
  path: Assets/Thirdweb/Examples/Prefabs/Prefab_NFT.prefab
  artifactKey: Guid(41381d62941a9e74c92c44c6ff55ad50) Importer(815301076,1909f56bfc062723c751e8b465ee728b)
Start importing Assets/Thirdweb/Examples/Prefabs/Prefab_NFT.prefab using Guid(41381d62941a9e74c92c44c6ff55ad50) Importer(815301076,1909f56bfc062723c751e8b465ee728b)  -> (artifact id: 'de3e75791ef956e9777d37e18966a94a') in 0.022335 seconds
Number of updated asset objects reloaded before import = 0
Number of asset objects unloaded after import = 27
========================================================================
Received Import Request.
  Time since last request: 30.256509 seconds.
  path: Assets/Thirdweb/Examples/Prefabs/Prefab_NFT.prefab
  artifactKey: Guid(41381d62941a9e74c92c44c6ff55ad50) Importer(815301076,1909f56bfc062723c751e8b465ee728b)
Start importing Assets/Thirdweb/Examples/Prefabs/Prefab_NFT.prefab using Guid(41381d62941a9e74c92c44c6ff55ad50) Importer(815301076,1909f56bfc062723c751e8b465ee728b)  -> (artifact id: '750175f020ada8035c77db2b568fd31a') in 0.022193 seconds
Number of updated asset objects reloaded before import = 0
Number of asset objects unloaded after import = 27
========================================================================
Received Import Request.
  Time since last request: 1.573530 seconds.
  path: Assets/Thirdweb/Examples/Prefabs/Prefab_NFT.prefab
  artifactKey: Guid(41381d62941a9e74c92c44c6ff55ad50) Importer(815301076,1909f56bfc062723c751e8b465ee728b)
Start importing Assets/Thirdweb/Examples/Prefabs/Prefab_NFT.prefab using Guid(41381d62941a9e74c92c44c6ff55ad50) Importer(815301076,1909f56bfc062723c751e8b465ee728b)  -> (artifact id: '5e72fc6817f1753797dd6e8efe7f5e77') in 0.017124 seconds
Number of updated asset objects reloaded before import = 0
Number of asset objects unloaded after import = 27
========================================================================
Received Import Request.
  Time since last request: 10.309156 seconds.
  path: Assets/Thirdweb/Examples/Prefabs/Prefab_NFT.prefab
  artifactKey: Guid(41381d62941a9e74c92c44c6ff55ad50) Importer(815301076,1909f56bfc062723c751e8b465ee728b)
Start importing Assets/Thirdweb/Examples/Prefabs/Prefab_NFT.prefab using Guid(41381d62941a9e74c92c44c6ff55ad50) Importer(815301076,1909f56bfc062723c751e8b465ee728b)  -> (artifact id: 'ec1e6df49e5318d834c520185585de55') in 0.025039 seconds
Number of updated asset objects reloaded before import = 0
Number of asset objects unloaded after import = 27
========================================================================
Received Import Request.
  Time since last request: 15.971811 seconds.
  path: Assets/Thirdweb/Examples/Prefabs/Prefab_NFT.prefab
  artifactKey: Guid(41381d62941a9e74c92c44c6ff55ad50) Importer(815301076,1909f56bfc062723c751e8b465ee728b)
Start importing Assets/Thirdweb/Examples/Prefabs/Prefab_NFT.prefab using Guid(41381d62941a9e74c92c44c6ff55ad50) Importer(815301076,1909f56bfc062723c751e8b465ee728b)  -> (artifact id: '25ef041f373d9a9dcd7228557be6958a') in 0.018131 seconds
Number of updated asset objects reloaded before import = 0
Number of asset objects unloaded after import = 27
========================================================================
Received Import Request.
  Time since last request: 12.718459 seconds.
  path: Assets/Thirdweb/Examples/Prefabs/Prefab_NFT.prefab
  artifactKey: Guid(41381d62941a9e74c92c44c6ff55ad50) Importer(815301076,1909f56bfc062723c751e8b465ee728b)
Start importing Assets/Thirdweb/Examples/Prefabs/Prefab_NFT.prefab using Guid(41381d62941a9e74c92c44c6ff55ad50) Importer(815301076,1909f56bfc062723c751e8b465ee728b)  -> (artifact id: '3b745c7f0dea9ee0e4ce84725b61fd82') in 0.040989 seconds
Number of updated asset objects reloaded before import = 0
Number of asset objects unloaded after import = 27
========================================================================
Received Import Request.
  Time since last request: 15.322937 seconds.
  path: Assets/Thirdweb/Examples/Prefabs/Prefab_NFT.prefab
  artifactKey: Guid(41381d62941a9e74c92c44c6ff55ad50) Importer(815301076,1909f56bfc062723c751e8b465ee728b)
Start importing Assets/Thirdweb/Examples/Prefabs/Prefab_NFT.prefab using Guid(41381d62941a9e74c92c44c6ff55ad50) Importer(815301076,1909f56bfc062723c751e8b465ee728b)  -> (artifact id: '62b55eb60237713b55d4c98075a0186e') in 0.018877 seconds
Number of updated asset objects reloaded before import = 0
Number of asset objects unloaded after import = 27
========================================================================
Received Import Request.
  Time since last request: 12.580336 seconds.
  path: Assets/Thirdweb/Examples/Prefabs/Prefab_NFT.prefab
  artifactKey: Guid(41381d62941a9e74c92c44c6ff55ad50) Importer(815301076,1909f56bfc062723c751e8b465ee728b)
Start importing Assets/Thirdweb/Examples/Prefabs/Prefab_NFT.prefab using Guid(41381d62941a9e74c92c44c6ff55ad50) Importer(815301076,1909f56bfc062723c751e8b465ee728b)  -> (artifact id: '0bbaf88459fbfcb6073faf4178d12c4d') in 0.026926 seconds
Number of updated asset objects reloaded before import = 0
Number of asset objects unloaded after import = 27
========================================================================
Received Import Request.
  Time since last request: 2.431655 seconds.
  path: Assets/Thirdweb/Examples/Prefabs/Prefab_NFT.prefab
  artifactKey: Guid(41381d62941a9e74c92c44c6ff55ad50) Importer(815301076,1909f56bfc062723c751e8b465ee728b)
Start importing Assets/Thirdweb/Examples/Prefabs/Prefab_NFT.prefab using Guid(41381d62941a9e74c92c44c6ff55ad50) Importer(815301076,1909f56bfc062723c751e8b465ee728b)  -> (artifact id: '882356a4cea7fe14d9c4f296eed69376') in 0.023772 seconds
Number of updated asset objects reloaded before import = 0
Number of asset objects unloaded after import = 27
========================================================================
Received Import Request.
  Time since last request: 14.599099 seconds.
  path: Assets/Thirdweb/Examples/Prefabs/Prefab_NFT.prefab
  artifactKey: Guid(41381d62941a9e74c92c44c6ff55ad50) Importer(815301076,1909f56bfc062723c751e8b465ee728b)
Start importing Assets/Thirdweb/Examples/Prefabs/Prefab_NFT.prefab using Guid(41381d62941a9e74c92c44c6ff55ad50) Importer(815301076,1909f56bfc062723c751e8b465ee728b)  -> (artifact id: 'c667b27fa369b190c90a1cf48277188d') in 0.021427 seconds
Number of updated asset objects reloaded before import = 0
Number of asset objects unloaded after import = 27
========================================================================
Received Import Request.
  Time since last request: 6.289484 seconds.
  path: Assets/Thirdweb/Examples/Prefabs/Prefab_NFT.prefab
  artifactKey: Guid(41381d62941a9e74c92c44c6ff55ad50) Importer(815301076,1909f56bfc062723c751e8b465ee728b)
Start importing Assets/Thirdweb/Examples/Prefabs/Prefab_NFT.prefab using Guid(41381d62941a9e74c92c44c6ff55ad50) Importer(815301076,1909f56bfc062723c751e8b465ee728b)  -> (artifact id: 'd6ab5d5245782c2daa5fea1fe2886915') in 0.024146 seconds
Number of updated asset objects reloaded before import = 0
Number of asset objects unloaded after import = 27
========================================================================
Received Import Request.
  Time since last request: 7.408732 seconds.
  path: Assets/Thirdweb/Examples/Prefabs/Prefab_NFT.prefab
  artifactKey: Guid(41381d62941a9e74c92c44c6ff55ad50) Importer(815301076,1909f56bfc062723c751e8b465ee728b)
Start importing Assets/Thirdweb/Examples/Prefabs/Prefab_NFT.prefab using Guid(41381d62941a9e74c92c44c6ff55ad50) Importer(815301076,1909f56bfc062723c751e8b465ee728b)  -> (artifact id: '4896a26634ec9bea97bc9ebb18e0bff2') in 0.016330 seconds
Number of updated asset objects reloaded before import = 0
Number of asset objects unloaded after import = 27
========================================================================
Received Import Request.
  Time since last request: 39.181660 seconds.
  path: Assets/Thirdweb/Examples/Prefabs/Prefab_NFT.prefab
  artifactKey: Guid(41381d62941a9e74c92c44c6ff55ad50) Importer(815301076,1909f56bfc062723c751e8b465ee728b)
Start importing Assets/Thirdweb/Examples/Prefabs/Prefab_NFT.prefab using Guid(41381d62941a9e74c92c44c6ff55ad50) Importer(815301076,1909f56bfc062723c751e8b465ee728b)  -> (artifact id: 'abe5708195f6279a95f3106f0918b9c8') in 0.019082 seconds
Number of updated asset objects reloaded before import = 0
Number of asset objects unloaded after import = 27
========================================================================
Received Import Request.
  Time since last request: 8.465075 seconds.
  path: Assets/Thirdweb/Examples/Prefabs/Prefab_NFT.prefab
  artifactKey: Guid(41381d62941a9e74c92c44c6ff55ad50) Importer(815301076,1909f56bfc062723c751e8b465ee728b)
Start importing Assets/Thirdweb/Examples/Prefabs/Prefab_NFT.prefab using Guid(41381d62941a9e74c92c44c6ff55ad50) Importer(815301076,1909f56bfc062723c751e8b465ee728b)  -> (artifact id: '5fe188002c4709549889bf1b22e34269') in 0.016346 seconds
Number of updated asset objects reloaded before import = 0
Number of asset objects unloaded after import = 27
========================================================================
Received Prepare
Begin MonoManager ReloadAssembly
Thread 0x2a9d87000 may have been prematurely finalized
- Loaded All Assemblies, in  0.822 seconds
Refreshing native plugins compatible for Editor in 10.59 ms, found 4 plugins.
Native extension for OSXStandalone target not found
Native extension for WebGL target not found
[Package Manager] Server::EnsureServerProcessIsRunning -- launch failed, reason: Unity was launched with the -noUpm command-line argument
[Package Manager] UpmClient::Send -- Unable to send message (not connected to UPM process).
[Package Manager] Cannot connect to Unity Package Manager local server
Mono: successfully reloaded assembly
- Finished resetting the current domain, in  1.373 seconds
Domain Reload Profiling: 2195ms
	BeginReloadAssembly (201ms)
		ExecutionOrderSort (0ms)
		DisableScriptedObjects (14ms)
		BackupInstance (0ms)
		ReleaseScriptingObjects (0ms)
		CreateAndSetChildDomain (100ms)
	RebuildCommonClasses (41ms)
	RebuildNativeTypeToScriptingClass (17ms)
	initialDomainReloadingComplete (69ms)
	LoadAllAssembliesAndSetupDomain (493ms)
		LoadAssemblies (516ms)
		RebuildTransferFunctionScriptingTraits (0ms)
		AnalyzeDomain (32ms)
			TypeCache.Refresh (19ms)
				TypeCache.ScanAssembly (0ms)
			ScanForSourceGeneratedMonoScriptInfo (0ms)
			ResolveRequiredComponents (11ms)
	FinalizeReload (1374ms)
		ReleaseScriptCaches (0ms)
		RebuildScriptCaches (0ms)
		SetupLoadedEditorAssemblies (569ms)
			LogAssemblyErrors (0ms)
			InitializePlatformSupportModulesInManaged (5ms)
			SetLoadedEditorAssemblies (7ms)
			RefreshPlugins (0ms)
			BeforeProcessingInitializeOnLoad (80ms)
			ProcessInitializeOnLoadAttributes (434ms)
			ProcessInitializeOnLoadMethodAttributes (39ms)
			AfterProcessingInitializeOnLoad (2ms)
			EditorAssembliesLoaded (0ms)
		ExecutionOrderSort2 (0ms)
		AwakeInstancesAfterBackupRestoration (14ms)
Refreshing native plugins compatible for Editor in 14.69 ms, found 4 plugins.
Preloading 0 native plugins for Editor in 0.00 ms.
Unloading 4493 Unused Serialized files (Serialized files now loaded: 0)
Unloading 163 unused Assets / (0.7 MB). Loaded Objects now: 4856.
Memory consumption went from 166.3 MB to 165.5 MB.
Total: 7.283792 ms (FindLiveObjects: 0.267542 ms CreateObjectMapping: 0.170833 ms MarkObjects: 6.194166 ms  DeleteObjects: 0.650333 ms)

Prepare: number of updated asset objects reloaded= 0
AssetImportParameters requested are different than current active one (requested -> active):
  custom:container-demuxer-ogg: 62fdf1f143b41e24485cea50d1cbac27 -> 
  custom:video-decoder-ogg-theora: a1e56fd34408186e4bbccfd4996cb3dc -> 
  custom:CustomObjectIndexerAttribute: 756ad292c208cfabdd7b50bc23989ffe -> 
  custom:container-demuxer-webm: 4f35f7cbe854078d1ac9338744f61a02 -> 
  custom:container-muxer-webm: aa71ff27fc2769a1b78a27578f13a17b -> 
  custom:video-decoder-webm-vp8: 9c59270c3fd7afecdb556c50c9e8de78 -> 
  custom:SearchIndexIgnoredProperties: e643bd26f0fe6173181afceb89e7c659 -> 
  custom:AudioImporter_EditorPlatform: 3918e3fc78b5a79bad01e8451be0beb8 -> 
  custom:framework-osx-AVFoundation: e770b220cccbd017edd2c1fefb359320 -> 
  custom:video-encoder-webm-vp8: eb34c28f22e8b96e1ab97ce403110664 -> 
  custom:audio-decoder-ogg-vorbis: bf7c407c2cedff20999df2af8eb42d56 -> 
  custom:audio-encoder-webm-vorbis: bf7c407c2cedff20999df2af8eb42d56 -> 
========================================================================
Received Import Request.
  Time since last request: 275.480563 seconds.
  path: Assets/Thirdweb/Examples/Prefabs/Prefab_NFT.prefab
  artifactKey: Guid(41381d62941a9e74c92c44c6ff55ad50) Importer(815301076,1909f56bfc062723c751e8b465ee728b)
Start importing Assets/Thirdweb/Examples/Prefabs/Prefab_NFT.prefab using Guid(41381d62941a9e74c92c44c6ff55ad50) Importer(815301076,1909f56bfc062723c751e8b465ee728b)  -> (artifact id: 'd9dd3fd977c20503268ac5354ddf37db') in 0.074913 seconds
Number of updated asset objects reloaded before import = 0
Number of asset objects unloaded after import = 27
========================================================================
Received Prepare
Refreshing native plugins compatible for Editor in 15.86 ms, found 4 plugins.
Preloading 0 native plugins for Editor in 0.00 ms.
Unloading 17 Unused Serialized files (Serialized files now loaded: 0)
Unloading 19 unused Assets / (0.7 MB). Loaded Objects now: 4856.
Memory consumption went from 96.7 MB to 96.0 MB.
Total: 15.549208 ms (FindLiveObjects: 0.321875 ms CreateObjectMapping: 0.155708 ms MarkObjects: 14.514250 ms  DeleteObjects: 0.556166 ms)

Prepare: number of updated asset objects reloaded= 0
AssetImportParameters requested are different than current active one (requested -> active):
  custom:container-demuxer-ogg: 62fdf1f143b41e24485cea50d1cbac27 -> 
  custom:video-decoder-ogg-theora: a1e56fd34408186e4bbccfd4996cb3dc -> 
  custom:CustomObjectIndexerAttribute: 756ad292c208cfabdd7b50bc23989ffe -> 
  custom:container-demuxer-webm: 4f35f7cbe854078d1ac9338744f61a02 -> 
  custom:container-muxer-webm: aa71ff27fc2769a1b78a27578f13a17b -> 
  custom:video-decoder-webm-vp8: 9c59270c3fd7afecdb556c50c9e8de78 -> 
  custom:SearchIndexIgnoredProperties: e643bd26f0fe6173181afceb89e7c659 -> 
  custom:AudioImporter_EditorPlatform: 3918e3fc78b5a79bad01e8451be0beb8 -> 
  custom:framework-osx-AVFoundation: e770b220cccbd017edd2c1fefb359320 -> 
  custom:video-encoder-webm-vp8: eb34c28f22e8b96e1ab97ce403110664 -> 
  custom:audio-decoder-ogg-vorbis: bf7c407c2cedff20999df2af8eb42d56 -> 
  custom:audio-encoder-webm-vorbis: bf7c407c2cedff20999df2af8eb42d56 -> 
========================================================================
Received Prepare
Begin MonoManager ReloadAssembly
Thread 0x16dd7f000 may have been prematurely finalized
- Loaded All Assemblies, in  1.253 seconds
Refreshing native plugins compatible for Editor in 10.40 ms, found 4 plugins.
Native extension for OSXStandalone target not found
Native extension for WebGL target not found
[Package Manager] Server::EnsureServerProcessIsRunning -- launch failed, reason: Unity was launched with the -noUpm command-line argument
[Package Manager] UpmClient::Send -- Unable to send message (not connected to UPM process).
[Package Manager] Cannot connect to Unity Package Manager local server
Mono: successfully reloaded assembly
- Finished resetting the current domain, in  1.389 seconds
Domain Reload Profiling: 2642ms
	BeginReloadAssembly (322ms)
		ExecutionOrderSort (0ms)
		DisableScriptedObjects (22ms)
		BackupInstance (0ms)
		ReleaseScriptingObjects (0ms)
		CreateAndSetChildDomain (148ms)
	RebuildCommonClasses (61ms)
	RebuildNativeTypeToScriptingClass (22ms)
	initialDomainReloadingComplete (93ms)
	LoadAllAssembliesAndSetupDomain (755ms)
		LoadAssemblies (745ms)
		RebuildTransferFunctionScriptingTraits (0ms)
		AnalyzeDomain (122ms)
			TypeCache.Refresh (93ms)
				TypeCache.ScanAssembly (51ms)
			ScanForSourceGeneratedMonoScriptInfo (20ms)
			ResolveRequiredComponents (9ms)
	FinalizeReload (1390ms)
		ReleaseScriptCaches (0ms)
		RebuildScriptCaches (0ms)
		SetupLoadedEditorAssemblies (586ms)
			LogAssemblyErrors (0ms)
			InitializePlatformSupportModulesInManaged (7ms)
			SetLoadedEditorAssemblies (9ms)
			RefreshPlugins (0ms)
			BeforeProcessingInitializeOnLoad (95ms)
			ProcessInitializeOnLoadAttributes (439ms)
			ProcessInitializeOnLoadMethodAttributes (35ms)
			AfterProcessingInitializeOnLoad (2ms)
			EditorAssembliesLoaded (0ms)
		ExecutionOrderSort2 (0ms)
		AwakeInstancesAfterBackupRestoration (11ms)
Refreshing native plugins compatible for Editor in 11.19 ms, found 4 plugins.
Preloading 0 native plugins for Editor in 0.00 ms.
Unloading 4494 Unused Serialized files (Serialized files now loaded: 0)
Unloading 162 unused Assets / (0.7 MB). Loaded Objects now: 4860.
Memory consumption went from 172.8 MB to 172.0 MB.
Total: 5.518167 ms (FindLiveObjects: 0.240417 ms CreateObjectMapping: 0.132208 ms MarkObjects: 4.531458 ms  DeleteObjects: 0.613208 ms)

Prepare: number of updated asset objects reloaded= 0
AssetImportParameters requested are different than current active one (requested -> active):
  custom:container-demuxer-ogg: 62fdf1f143b41e24485cea50d1cbac27 -> 
  custom:video-decoder-ogg-theora: a1e56fd34408186e4bbccfd4996cb3dc -> 
  custom:CustomObjectIndexerAttribute: 756ad292c208cfabdd7b50bc23989ffe -> 
  custom:container-demuxer-webm: 4f35f7cbe854078d1ac9338744f61a02 -> 
  custom:container-muxer-webm: aa71ff27fc2769a1b78a27578f13a17b -> 
  custom:video-decoder-webm-vp8: 9c59270c3fd7afecdb556c50c9e8de78 -> 
  custom:SearchIndexIgnoredProperties: e643bd26f0fe6173181afceb89e7c659 -> 
  custom:AudioImporter_EditorPlatform: 3918e3fc78b5a79bad01e8451be0beb8 -> 
  custom:framework-osx-AVFoundation: e770b220cccbd017edd2c1fefb359320 -> 
  custom:video-encoder-webm-vp8: eb34c28f22e8b96e1ab97ce403110664 -> 
  custom:audio-decoder-ogg-vorbis: bf7c407c2cedff20999df2af8eb42d56 -> 
  custom:audio-encoder-webm-vorbis: bf7c407c2cedff20999df2af8eb42d56 -> 
========================================================================
Received Prepare
Begin MonoManager ReloadAssembly
Thread 0x16d767000 may have been prematurely finalized
- Loaded All Assemblies, in  1.104 seconds
Refreshing native plugins compatible for Editor in 13.98 ms, found 4 plugins.
Native extension for OSXStandalone target not found
Native extension for WebGL target not found
[Package Manager] Server::EnsureServerProcessIsRunning -- launch failed, reason: Unity was launched with the -noUpm command-line argument
[Package Manager] UpmClient::Send -- Unable to send message (not connected to UPM process).
[Package Manager] Cannot connect to Unity Package Manager local server
Mono: successfully reloaded assembly
- Finished resetting the current domain, in  1.276 seconds
Domain Reload Profiling: 2379ms
	BeginReloadAssembly (256ms)
		ExecutionOrderSort (0ms)
		DisableScriptedObjects (16ms)
		BackupInstance (0ms)
		ReleaseScriptingObjects (0ms)
		CreateAndSetChildDomain (114ms)
	RebuildCommonClasses (56ms)
	RebuildNativeTypeToScriptingClass (19ms)
	initialDomainReloadingComplete (110ms)
	LoadAllAssembliesAndSetupDomain (661ms)
		LoadAssemblies (635ms)
		RebuildTransferFunctionScriptingTraits (0ms)
		AnalyzeDomain (118ms)
			TypeCache.Refresh (80ms)
				TypeCache.ScanAssembly (45ms)
			ScanForSourceGeneratedMonoScriptInfo (26ms)
			ResolveRequiredComponents (10ms)
	FinalizeReload (1277ms)
		ReleaseScriptCaches (0ms)
		RebuildScriptCaches (0ms)
		SetupLoadedEditorAssemblies (483ms)
			LogAssemblyErrors (0ms)
			InitializePlatformSupportModulesInManaged (5ms)
			SetLoadedEditorAssemblies (7ms)
			RefreshPlugins (0ms)
			BeforeProcessingInitializeOnLoad (74ms)
			ProcessInitializeOnLoadAttributes (362ms)
			ProcessInitializeOnLoadMethodAttributes (33ms)
			AfterProcessingInitializeOnLoad (2ms)
			EditorAssembliesLoaded (0ms)
		ExecutionOrderSort2 (0ms)
		AwakeInstancesAfterBackupRestoration (11ms)
Refreshing native plugins compatible for Editor in 11.76 ms, found 4 plugins.
Preloading 0 native plugins for Editor in 0.00 ms.
Unloading 4494 Unused Serialized files (Serialized files now loaded: 0)
Unloading 162 unused Assets / (0.7 MB). Loaded Objects now: 4864.
Memory consumption went from 179.0 MB to 178.3 MB.
Total: 6.301958 ms (FindLiveObjects: 0.265708 ms CreateObjectMapping: 0.137833 ms MarkObjects: 5.328667 ms  DeleteObjects: 0.569250 ms)

Prepare: number of updated asset objects reloaded= 0
AssetImportParameters requested are different than current active one (requested -> active):
  custom:container-demuxer-ogg: 62fdf1f143b41e24485cea50d1cbac27 -> 
  custom:video-decoder-ogg-theora: a1e56fd34408186e4bbccfd4996cb3dc -> 
  custom:CustomObjectIndexerAttribute: 756ad292c208cfabdd7b50bc23989ffe -> 
  custom:container-demuxer-webm: 4f35f7cbe854078d1ac9338744f61a02 -> 
  custom:container-muxer-webm: aa71ff27fc2769a1b78a27578f13a17b -> 
  custom:video-decoder-webm-vp8: 9c59270c3fd7afecdb556c50c9e8de78 -> 
  custom:SearchIndexIgnoredProperties: e643bd26f0fe6173181afceb89e7c659 -> 
  custom:AudioImporter_EditorPlatform: 3918e3fc78b5a79bad01e8451be0beb8 -> 
  custom:framework-osx-AVFoundation: e770b220cccbd017edd2c1fefb359320 -> 
  custom:video-encoder-webm-vp8: eb34c28f22e8b96e1ab97ce403110664 -> 
  custom:audio-decoder-ogg-vorbis: bf7c407c2cedff20999df2af8eb42d56 -> 
  custom:audio-encoder-webm-vorbis: bf7c407c2cedff20999df2af8eb42d56 -> 
========================================================================
Received Prepare
Begin MonoManager ReloadAssembly
Thread 0x16d767000 may have been prematurely finalized
- Loaded All Assemblies, in  1.197 seconds
Refreshing native plugins compatible for Editor in 12.16 ms, found 4 plugins.
Native extension for OSXStandalone target not found
Native extension for WebGL target not found
[Package Manager] Server::EnsureServerProcessIsRunning -- launch failed, reason: Unity was launched with the -noUpm command-line argument
[Package Manager] UpmClient::Send -- Unable to send message (not connected to UPM process).
[Package Manager] Cannot connect to Unity Package Manager local server
Mono: successfully reloaded assembly
- Finished resetting the current domain, in  1.350 seconds
Domain Reload Profiling: 2546ms
	BeginReloadAssembly (287ms)
		ExecutionOrderSort (0ms)
		DisableScriptedObjects (14ms)
		BackupInstance (0ms)
		ReleaseScriptingObjects (0ms)
		CreateAndSetChildDomain (115ms)
	RebuildCommonClasses (57ms)
	RebuildNativeTypeToScriptingClass (21ms)
	initialDomainReloadingComplete (94ms)
	LoadAllAssembliesAndSetupDomain (735ms)
		LoadAssemblies (749ms)
		RebuildTransferFunctionScriptingTraits (0ms)
		AnalyzeDomain (111ms)
			TypeCache.Refresh (81ms)
				TypeCache.ScanAssembly (53ms)
			ScanForSourceGeneratedMonoScriptInfo (20ms)
			ResolveRequiredComponents (9ms)
	FinalizeReload (1351ms)
		ReleaseScriptCaches (0ms)
		RebuildScriptCaches (0ms)
		SetupLoadedEditorAssemblies (544ms)
			LogAssemblyErrors (0ms)
			InitializePlatformSupportModulesInManaged (6ms)
			SetLoadedEditorAssemblies (8ms)
			RefreshPlugins (0ms)
			BeforeProcessingInitializeOnLoad (77ms)
			ProcessInitializeOnLoadAttributes (410ms)
			ProcessInitializeOnLoadMethodAttributes (39ms)
			AfterProcessingInitializeOnLoad (2ms)
			EditorAssembliesLoaded (0ms)
		ExecutionOrderSort2 (0ms)
		AwakeInstancesAfterBackupRestoration (13ms)
Refreshing native plugins compatible for Editor in 10.94 ms, found 4 plugins.
Preloading 0 native plugins for Editor in 0.00 ms.
Unloading 4494 Unused Serialized files (Serialized files now loaded: 0)
Unloading 162 unused Assets / (0.7 MB). Loaded Objects now: 4868.
Memory consumption went from 185.2 MB to 184.5 MB.
Total: 5.525125 ms (FindLiveObjects: 0.232875 ms CreateObjectMapping: 0.132375 ms MarkObjects: 4.610125 ms  DeleteObjects: 0.548791 ms)

Prepare: number of updated asset objects reloaded= 0
AssetImportParameters requested are different than current active one (requested -> active):
  custom:container-demuxer-ogg: 62fdf1f143b41e24485cea50d1cbac27 -> 
  custom:video-decoder-ogg-theora: a1e56fd34408186e4bbccfd4996cb3dc -> 
  custom:CustomObjectIndexerAttribute: 756ad292c208cfabdd7b50bc23989ffe -> 
  custom:container-demuxer-webm: 4f35f7cbe854078d1ac9338744f61a02 -> 
  custom:container-muxer-webm: aa71ff27fc2769a1b78a27578f13a17b -> 
  custom:video-decoder-webm-vp8: 9c59270c3fd7afecdb556c50c9e8de78 -> 
  custom:SearchIndexIgnoredProperties: e643bd26f0fe6173181afceb89e7c659 -> 
  custom:AudioImporter_EditorPlatform: 3918e3fc78b5a79bad01e8451be0beb8 -> 
  custom:framework-osx-AVFoundation: e770b220cccbd017edd2c1fefb359320 -> 
  custom:video-encoder-webm-vp8: eb34c28f22e8b96e1ab97ce403110664 -> 
  custom:audio-decoder-ogg-vorbis: bf7c407c2cedff20999df2af8eb42d56 -> 
  custom:audio-encoder-webm-vorbis: bf7c407c2cedff20999df2af8eb42d56 -> 
========================================================================
Received Prepare
Refreshing native plugins compatible for Editor in 13.91 ms, found 4 plugins.
Preloading 0 native plugins for Editor in 0.00 ms.
Unloading 18 Unused Serialized files (Serialized files now loaded: 0)
Unloading 18 unused Assets / (0.7 MB). Loaded Objects now: 4868.
Memory consumption went from 115.4 MB to 114.7 MB.
Total: 14.079916 ms (FindLiveObjects: 0.387250 ms CreateObjectMapping: 0.163500 ms MarkObjects: 13.000542 ms  DeleteObjects: 0.527917 ms)

Prepare: number of updated asset objects reloaded= 0
AssetImportParameters requested are different than current active one (requested -> active):
  custom:container-demuxer-ogg: 62fdf1f143b41e24485cea50d1cbac27 -> 
  custom:video-decoder-ogg-theora: a1e56fd34408186e4bbccfd4996cb3dc -> 
  custom:CustomObjectIndexerAttribute: 756ad292c208cfabdd7b50bc23989ffe -> 
  custom:container-demuxer-webm: 4f35f7cbe854078d1ac9338744f61a02 -> 
  custom:container-muxer-webm: aa71ff27fc2769a1b78a27578f13a17b -> 
  custom:video-decoder-webm-vp8: 9c59270c3fd7afecdb556c50c9e8de78 -> 
  custom:SearchIndexIgnoredProperties: e643bd26f0fe6173181afceb89e7c659 -> 
  custom:AudioImporter_EditorPlatform: 3918e3fc78b5a79bad01e8451be0beb8 -> 
  custom:framework-osx-AVFoundation: e770b220cccbd017edd2c1fefb359320 -> 
  custom:video-encoder-webm-vp8: eb34c28f22e8b96e1ab97ce403110664 -> 
  custom:audio-decoder-ogg-vorbis: bf7c407c2cedff20999df2af8eb42d56 -> 
  custom:audio-encoder-webm-vorbis: bf7c407c2cedff20999df2af8eb42d56 -> 
========================================================================
Received Import Request.
  Time since last request: 3653.122737 seconds.
  path: Assets/Thirdweb/Core/Scripts
  artifactKey: Guid(75f62174c5c05f3499c89a5aa4b358df) Importer(815301076,1909f56bfc062723c751e8b465ee728b)
Start importing Assets/Thirdweb/Core/Scripts using Guid(75f62174c5c05f3499c89a5aa4b358df) Importer(815301076,1909f56bfc062723c751e8b465ee728b)  -> (artifact id: '128c3ce50d72aa2abf2e90b3613278d0') in 0.005389 seconds
Number of updated asset objects reloaded before import = 0
Number of asset objects unloaded after import = 0
========================================================================
Received Import Request.
  Time since last request: 3.146922 seconds.
  path: Assets/Thirdweb/Core/Scripts/ERC721.cs
  artifactKey: Guid(50a33b84815264b909a9f39afd81d96e) Importer(815301076,1909f56bfc062723c751e8b465ee728b)
Start importing Assets/Thirdweb/Core/Scripts/ERC721.cs using Guid(50a33b84815264b909a9f39afd81d96e) Importer(815301076,1909f56bfc062723c751e8b465ee728b)  -> (artifact id: '94d59195cf37af588945486128b09f9e') in 0.004631 seconds
Number of updated asset objects reloaded before import = 0
Number of asset objects unloaded after import = 0
========================================================================
Received Import Request.
  Time since last request: 29.377133 seconds.
  path: Assets/Scenes/MainMenu.unity
  artifactKey: Guid(2cda990e2423bbf4892e6590ba056729) Importer(815301076,1909f56bfc062723c751e8b465ee728b)
Start importing Assets/Scenes/MainMenu.unity using Guid(2cda990e2423bbf4892e6590ba056729) Importer(815301076,1909f56bfc062723c751e8b465ee728b)  -> (artifact id: 'db2e6ba3b9786d18e36f65eff0aca7c4') in 0.000331 seconds
Number of updated asset objects reloaded before import = 0
Number of asset objects unloaded after import = 0
========================================================================
Received Prepare
Begin MonoManager ReloadAssembly
Thread 0x16d767000 may have been prematurely finalized
- Loaded All Assemblies, in  0.719 seconds
Refreshing native plugins compatible for Editor in 9.02 ms, found 4 plugins.
Native extension for OSXStandalone target not found
Native extension for WebGL target not found
[Package Manager] Server::EnsureServerProcessIsRunning -- launch failed, reason: Unity was launched with the -noUpm command-line argument
[Package Manager] UpmClient::Send -- Unable to send message (not connected to UPM process).
[Package Manager] Cannot connect to Unity Package Manager local server
Mono: successfully reloaded assembly
- Finished resetting the current domain, in  1.126 seconds
Domain Reload Profiling: 1845ms
	BeginReloadAssembly (216ms)
		ExecutionOrderSort (0ms)
		DisableScriptedObjects (12ms)
		BackupInstance (0ms)
		ReleaseScriptingObjects (0ms)
		CreateAndSetChildDomain (107ms)
	RebuildCommonClasses (41ms)
	RebuildNativeTypeToScriptingClass (14ms)
	initialDomainReloadingComplete (64ms)
	LoadAllAssembliesAndSetupDomain (384ms)
		LoadAssemblies (426ms)
		RebuildTransferFunctionScriptingTraits (0ms)
		AnalyzeDomain (23ms)
			TypeCache.Refresh (14ms)
				TypeCache.ScanAssembly (0ms)
			ScanForSourceGeneratedMonoScriptInfo (0ms)
			ResolveRequiredComponents (8ms)
	FinalizeReload (1127ms)
		ReleaseScriptCaches (0ms)
		RebuildScriptCaches (0ms)
		SetupLoadedEditorAssemblies (423ms)
			LogAssemblyErrors (0ms)
			InitializePlatformSupportModulesInManaged (5ms)
			SetLoadedEditorAssemblies (7ms)
			RefreshPlugins (0ms)
			BeforeProcessingInitializeOnLoad (63ms)
			ProcessInitializeOnLoadAttributes (318ms)
			ProcessInitializeOnLoadMethodAttributes (29ms)
			AfterProcessingInitializeOnLoad (1ms)
			EditorAssembliesLoaded (0ms)
		ExecutionOrderSort2 (0ms)
		AwakeInstancesAfterBackupRestoration (10ms)
Refreshing native plugins compatible for Editor in 10.93 ms, found 4 plugins.
Preloading 0 native plugins for Editor in 0.00 ms.
Unloading 4493 Unused Serialized files (Serialized files now loaded: 0)
Unloading 162 unused Assets / (0.7 MB). Loaded Objects now: 4872.
Memory consumption went from 191.1 MB to 190.4 MB.
Total: 4.983583 ms (FindLiveObjects: 0.206833 ms CreateObjectMapping: 0.129625 ms MarkObjects: 4.139667 ms  DeleteObjects: 0.506667 ms)

Prepare: number of updated asset objects reloaded= 0
AssetImportParameters requested are different than current active one (requested -> active):
  custom:container-demuxer-ogg: 62fdf1f143b41e24485cea50d1cbac27 -> 
  custom:video-decoder-ogg-theora: a1e56fd34408186e4bbccfd4996cb3dc -> 
  custom:CustomObjectIndexerAttribute: 756ad292c208cfabdd7b50bc23989ffe -> 
  custom:container-demuxer-webm: 4f35f7cbe854078d1ac9338744f61a02 -> 
  custom:container-muxer-webm: aa71ff27fc2769a1b78a27578f13a17b -> 
  custom:video-decoder-webm-vp8: 9c59270c3fd7afecdb556c50c9e8de78 -> 
  custom:SearchIndexIgnoredProperties: e643bd26f0fe6173181afceb89e7c659 -> 
  custom:AudioImporter_EditorPlatform: 3918e3fc78b5a79bad01e8451be0beb8 -> 
  custom:framework-osx-AVFoundation: e770b220cccbd017edd2c1fefb359320 -> 
  custom:video-encoder-webm-vp8: eb34c28f22e8b96e1ab97ce403110664 -> 
  custom:audio-decoder-ogg-vorbis: bf7c407c2cedff20999df2af8eb42d56 -> 
  custom:audio-encoder-webm-vorbis: bf7c407c2cedff20999df2af8eb42d56 -> 
========================================================================
Received Prepare
Begin MonoManager ReloadAssembly
Thread 0x16d767000 may have been prematurely finalized
- Loaded All Assemblies, in  0.941 seconds
Refreshing native plugins compatible for Editor in 13.76 ms, found 4 plugins.
Native extension for OSXStandalone target not found
Native extension for WebGL target not found
[Package Manager] Server::EnsureServerProcessIsRunning -- launch failed, reason: Unity was launched with the -noUpm command-line argument
[Package Manager] UpmClient::Send -- Unable to send message (not connected to UPM process).
[Package Manager] Cannot connect to Unity Package Manager local server
Mono: successfully reloaded assembly
- Finished resetting the current domain, in  1.325 seconds
Domain Reload Profiling: 2265ms
	BeginReloadAssembly (245ms)
		ExecutionOrderSort (0ms)
		DisableScriptedObjects (14ms)
		BackupInstance (0ms)
		ReleaseScriptingObjects (0ms)
		CreateAndSetChildDomain (114ms)
	RebuildCommonClasses (51ms)
	RebuildNativeTypeToScriptingClass (21ms)
	initialDomainReloadingComplete (81ms)
	LoadAllAssembliesAndSetupDomain (541ms)
		LoadAssemblies (513ms)
		RebuildTransferFunctionScriptingTraits (0ms)
		AnalyzeDomain (103ms)
			TypeCache.Refresh (67ms)
				TypeCache.ScanAssembly (41ms)
			ScanForSourceGeneratedMonoScriptInfo (24ms)
			ResolveRequiredComponents (11ms)
	FinalizeReload (1325ms)
		ReleaseScriptCaches (0ms)
		RebuildScriptCaches (0ms)
		SetupLoadedEditorAssemblies (526ms)
			LogAssemblyErrors (0ms)
			InitializePlatformSupportModulesInManaged (6ms)
			SetLoadedEditorAssemblies (7ms)
			RefreshPlugins (0ms)
			BeforeProcessingInitializeOnLoad (78ms)
			ProcessInitializeOnLoadAttributes (398ms)
			ProcessInitializeOnLoadMethodAttributes (34ms)
			AfterProcessingInitializeOnLoad (2ms)
			EditorAssembliesLoaded (0ms)
		ExecutionOrderSort2 (0ms)
		AwakeInstancesAfterBackupRestoration (11ms)
Refreshing native plugins compatible for Editor in 11.06 ms, found 4 plugins.
Preloading 0 native plugins for Editor in 0.00 ms.
Unloading 4494 Unused Serialized files (Serialized files now loaded: 0)
Unloading 162 unused Assets / (0.7 MB). Loaded Objects now: 4876.
Memory consumption went from 197.6 MB to 196.9 MB.
Total: 5.727875 ms (FindLiveObjects: 0.237125 ms CreateObjectMapping: 0.139125 ms MarkObjects: 4.774666 ms  DeleteObjects: 0.576083 ms)

Prepare: number of updated asset objects reloaded= 0
AssetImportParameters requested are different than current active one (requested -> active):
  custom:container-demuxer-ogg: 62fdf1f143b41e24485cea50d1cbac27 -> 
  custom:video-decoder-ogg-theora: a1e56fd34408186e4bbccfd4996cb3dc -> 
  custom:CustomObjectIndexerAttribute: 756ad292c208cfabdd7b50bc23989ffe -> 
  custom:container-demuxer-webm: 4f35f7cbe854078d1ac9338744f61a02 -> 
  custom:container-muxer-webm: aa71ff27fc2769a1b78a27578f13a17b -> 
  custom:video-decoder-webm-vp8: 9c59270c3fd7afecdb556c50c9e8de78 -> 
  custom:SearchIndexIgnoredProperties: e643bd26f0fe6173181afceb89e7c659 -> 
  custom:AudioImporter_EditorPlatform: 3918e3fc78b5a79bad01e8451be0beb8 -> 
  custom:framework-osx-AVFoundation: e770b220cccbd017edd2c1fefb359320 -> 
  custom:video-encoder-webm-vp8: eb34c28f22e8b96e1ab97ce403110664 -> 
  custom:audio-decoder-ogg-vorbis: bf7c407c2cedff20999df2af8eb42d56 -> 
  custom:audio-encoder-webm-vorbis: bf7c407c2cedff20999df2af8eb42d56 -> 
========================================================================
Received Import Request.
  Time since last request: 284.865100 seconds.
  path: Assets/Thirdweb/Examples/Prefabs/Prefab_NFT.prefab
  artifactKey: Guid(41381d62941a9e74c92c44c6ff55ad50) Importer(815301076,1909f56bfc062723c751e8b465ee728b)
Start importing Assets/Thirdweb/Examples/Prefabs/Prefab_NFT.prefab using Guid(41381d62941a9e74c92c44c6ff55ad50) Importer(815301076,1909f56bfc062723c751e8b465ee728b)  -> (artifact id: '72393ce72fb4a0ed860ff4dc0ef20950') in 0.179313 seconds
Number of updated asset objects reloaded before import = 0
Number of asset objects unloaded after import = 27
========================================================================
Received Import Request.
  Time since last request: 0.534258 seconds.
  path: Assets/Thirdweb/Examples/Prefabs/Prefab_NFT.prefab
  artifactKey: Guid(41381d62941a9e74c92c44c6ff55ad50) Importer(815301076,1909f56bfc062723c751e8b465ee728b)
Start importing Assets/Thirdweb/Examples/Prefabs/Prefab_NFT.prefab using Guid(41381d62941a9e74c92c44c6ff55ad50) Importer(815301076,1909f56bfc062723c751e8b465ee728b)  -> (artifact id: '26fa76332df30734ac1e51397efa20e7') in 0.022484 seconds
Number of updated asset objects reloaded before import = 0
Number of asset objects unloaded after import = 27
========================================================================
Received Import Request.
  Time since last request: 35.420438 seconds.
  path: Assets/Thirdweb/Examples/Prefabs/Prefab_NFT.prefab
  artifactKey: Guid(41381d62941a9e74c92c44c6ff55ad50) Importer(815301076,1909f56bfc062723c751e8b465ee728b)
Start importing Assets/Thirdweb/Examples/Prefabs/Prefab_NFT.prefab using Guid(41381d62941a9e74c92c44c6ff55ad50) Importer(815301076,1909f56bfc062723c751e8b465ee728b)  -> (artifact id: 'ec4f0d7803cc108ce9bc7a02b5a64f98') in 0.019669 seconds
Number of updated asset objects reloaded before import = 0
Number of asset objects unloaded after import = 27
========================================================================
Received Import Request.
  Time since last request: 39.462200 seconds.
  path: Assets/Thirdweb/Core/Prefabs/ThirdwebManager.prefab
  artifactKey: Guid(379ed01658d62a14484f953196ff19db) Importer(815301076,1909f56bfc062723c751e8b465ee728b)
Start importing Assets/Thirdweb/Core/Prefabs/ThirdwebManager.prefab using Guid(379ed01658d62a14484f953196ff19db) Importer(815301076,1909f56bfc062723c751e8b465ee728b)  -> (artifact id: 'da08844ae487bde08619a2e3591d7589') in 0.076125 seconds
Number of updated asset objects reloaded before import = 0
Number of asset objects unloaded after import = 213
========================================================================
Received Import Request.
  Time since last request: 30.068892 seconds.
  path: Assets/Thirdweb/Core/Prefabs/ThirdwebManager.prefab
  artifactKey: Guid(379ed01658d62a14484f953196ff19db) Importer(815301076,1909f56bfc062723c751e8b465ee728b)
Start importing Assets/Thirdweb/Core/Prefabs/ThirdwebManager.prefab using Guid(379ed01658d62a14484f953196ff19db) Importer(815301076,1909f56bfc062723c751e8b465ee728b)  -> (artifact id: 'd21b1b41fe74697e9d2afcd59cba40f0') in 0.025196 seconds
Number of updated asset objects reloaded before import = 0
Number of asset objects unloaded after import = 213
========================================================================
Received Prepare
Refreshing native plugins compatible for Editor in 16.42 ms, found 4 plugins.
Preloading 0 native plugins for Editor in 0.00 ms.
Unloading 17 Unused Serialized files (Serialized files now loaded: 0)
Unloading 21 unused Assets / (0.7 MB). Loaded Objects now: 4876.
Memory consumption went from 127.9 MB to 127.3 MB.
Total: 14.020791 ms (FindLiveObjects: 0.371250 ms CreateObjectMapping: 0.128459 ms MarkObjects: 13.011667 ms  DeleteObjects: 0.508875 ms)

Prepare: number of updated asset objects reloaded= 0
AssetImportParameters requested are different than current active one (requested -> active):
  custom:container-demuxer-ogg: 62fdf1f143b41e24485cea50d1cbac27 -> 
  custom:video-decoder-ogg-theora: a1e56fd34408186e4bbccfd4996cb3dc -> 
  custom:CustomObjectIndexerAttribute: 756ad292c208cfabdd7b50bc23989ffe -> 
  custom:container-demuxer-webm: 4f35f7cbe854078d1ac9338744f61a02 -> 
  custom:container-muxer-webm: aa71ff27fc2769a1b78a27578f13a17b -> 
  custom:video-decoder-webm-vp8: 9c59270c3fd7afecdb556c50c9e8de78 -> 
  custom:SearchIndexIgnoredProperties: e643bd26f0fe6173181afceb89e7c659 -> 
  custom:AudioImporter_EditorPlatform: 3918e3fc78b5a79bad01e8451be0beb8 -> 
  custom:framework-osx-AVFoundation: e770b220cccbd017edd2c1fefb359320 -> 
  custom:video-encoder-webm-vp8: eb34c28f22e8b96e1ab97ce403110664 -> 
  custom:audio-decoder-ogg-vorbis: bf7c407c2cedff20999df2af8eb42d56 -> 
  custom:audio-encoder-webm-vorbis: bf7c407c2cedff20999df2af8eb42d56 -> 
========================================================================
Received Prepare
Begin MonoManager ReloadAssembly
Thread 0x16d767000 may have been prematurely finalized
- Loaded All Assemblies, in  0.838 seconds
Refreshing native plugins compatible for Editor in 9.62 ms, found 4 plugins.
Native extension for OSXStandalone target not found
Native extension for WebGL target not found
[Package Manager] Server::EnsureServerProcessIsRunning -- launch failed, reason: Unity was launched with the -noUpm command-line argument
[Package Manager] UpmClient::Send -- Unable to send message (not connected to UPM process).
[Package Manager] Cannot connect to Unity Package Manager local server
Mono: successfully reloaded assembly
- Finished resetting the current domain, in  1.134 seconds
Domain Reload Profiling: 1971ms
	BeginReloadAssembly (208ms)
		ExecutionOrderSort (0ms)
		DisableScriptedObjects (13ms)
		BackupInstance (0ms)
		ReleaseScriptingObjects (0ms)
		CreateAndSetChildDomain (104ms)
	RebuildCommonClasses (51ms)
	RebuildNativeTypeToScriptingClass (17ms)
	initialDomainReloadingComplete (76ms)
	LoadAllAssembliesAndSetupDomain (485ms)
		LoadAssemblies (455ms)
		RebuildTransferFunctionScriptingTraits (0ms)
		AnalyzeDomain (90ms)
			TypeCache.Refresh (63ms)
				TypeCache.ScanAssembly (37ms)
			ScanForSourceGeneratedMonoScriptInfo (18ms)
			ResolveRequiredComponents (8ms)
	FinalizeReload (1134ms)
		ReleaseScriptCaches (0ms)
		RebuildScriptCaches (0ms)
		SetupLoadedEditorAssemblies (442ms)
			LogAssemblyErrors (0ms)
			InitializePlatformSupportModulesInManaged (4ms)
			SetLoadedEditorAssemblies (6ms)
			RefreshPlugins (0ms)
			BeforeProcessingInitializeOnLoad (62ms)
			ProcessInitializeOnLoadAttributes (337ms)
			ProcessInitializeOnLoadMethodAttributes (31ms)
			AfterProcessingInitializeOnLoad (1ms)
			EditorAssembliesLoaded (0ms)
		ExecutionOrderSort2 (0ms)
		AwakeInstancesAfterBackupRestoration (11ms)
Refreshing native plugins compatible for Editor in 9.33 ms, found 4 plugins.
Preloading 0 native plugins for Editor in 0.00 ms.
Unloading 4494 Unused Serialized files (Serialized files now loaded: 0)
Unloading 162 unused Assets / (0.7 MB). Loaded Objects now: 4880.
Memory consumption went from 204.1 MB to 203.3 MB.
Total: 4.912125 ms (FindLiveObjects: 0.219625 ms CreateObjectMapping: 0.119167 ms MarkObjects: 4.098000 ms  DeleteObjects: 0.471333 ms)

Prepare: number of updated asset objects reloaded= 0
AssetImportParameters requested are different than current active one (requested -> active):
  custom:container-demuxer-ogg: 62fdf1f143b41e24485cea50d1cbac27 -> 
  custom:video-decoder-ogg-theora: a1e56fd34408186e4bbccfd4996cb3dc -> 
  custom:CustomObjectIndexerAttribute: 756ad292c208cfabdd7b50bc23989ffe -> 
  custom:container-demuxer-webm: 4f35f7cbe854078d1ac9338744f61a02 -> 
  custom:container-muxer-webm: aa71ff27fc2769a1b78a27578f13a17b -> 
  custom:video-decoder-webm-vp8: 9c59270c3fd7afecdb556c50c9e8de78 -> 
  custom:SearchIndexIgnoredProperties: e643bd26f0fe6173181afceb89e7c659 -> 
  custom:AudioImporter_EditorPlatform: 3918e3fc78b5a79bad01e8451be0beb8 -> 
  custom:framework-osx-AVFoundation: e770b220cccbd017edd2c1fefb359320 -> 
  custom:video-encoder-webm-vp8: eb34c28f22e8b96e1ab97ce403110664 -> 
  custom:audio-decoder-ogg-vorbis: bf7c407c2cedff20999df2af8eb42d56 -> 
  custom:audio-encoder-webm-vorbis: bf7c407c2cedff20999df2af8eb42d56 -> 
========================================================================
Received Import Request.
  Time since last request: 226.867331 seconds.
  path: Assets/Scenes/MainMenu.unity
  artifactKey: Guid(2cda990e2423bbf4892e6590ba056729) Importer(815301076,1909f56bfc062723c751e8b465ee728b)
Start importing Assets/Scenes/MainMenu.unity using Guid(2cda990e2423bbf4892e6590ba056729) Importer(815301076,1909f56bfc062723c751e8b465ee728b)  -> (artifact id: '253afd507f1f86e788787e87155cd8c4') in 0.001353 seconds
Number of updated asset objects reloaded before import = 0
Number of asset objects unloaded after import = 0
========================================================================
Received Prepare
Begin MonoManager ReloadAssembly
Thread 0x16d767000 may have been prematurely finalized
- Loaded All Assemblies, in  0.870 seconds
Refreshing native plugins compatible for Editor in 9.94 ms, found 4 plugins.
Native extension for OSXStandalone target not found
Native extension for WebGL target not found
[Package Manager] Server::EnsureServerProcessIsRunning -- launch failed, reason: Unity was launched with the -noUpm command-line argument
[Package Manager] UpmClient::Send -- Unable to send message (not connected to UPM process).
[Package Manager] Cannot connect to Unity Package Manager local server
Mono: successfully reloaded assembly
- Finished resetting the current domain, in  1.225 seconds
Domain Reload Profiling: 2095ms
	BeginReloadAssembly (240ms)
		ExecutionOrderSort (0ms)
		DisableScriptedObjects (14ms)
		BackupInstance (0ms)
		ReleaseScriptingObjects (0ms)
		CreateAndSetChildDomain (125ms)
	RebuildCommonClasses (48ms)
	RebuildNativeTypeToScriptingClass (17ms)
	initialDomainReloadingComplete (73ms)
	LoadAllAssembliesAndSetupDomain (492ms)
		LoadAssemblies (470ms)
		RebuildTransferFunctionScriptingTraits (0ms)
		AnalyzeDomain (89ms)
			TypeCache.Refresh (61ms)
				TypeCache.ScanAssembly (36ms)
			ScanForSourceGeneratedMonoScriptInfo (19ms)
			ResolveRequiredComponents (8ms)
	FinalizeReload (1226ms)
		ReleaseScriptCaches (0ms)
		RebuildScriptCaches (0ms)
		SetupLoadedEditorAssemblies (478ms)
			LogAssemblyErrors (0ms)
			InitializePlatformSupportModulesInManaged (7ms)
			SetLoadedEditorAssemblies (8ms)
			RefreshPlugins (0ms)
			BeforeProcessingInitializeOnLoad (71ms)
			ProcessInitializeOnLoadAttributes (354ms)
			ProcessInitializeOnLoadMethodAttributes (37ms)
			AfterProcessingInitializeOnLoad (2ms)
			EditorAssembliesLoaded (0ms)
		ExecutionOrderSort2 (0ms)
		AwakeInstancesAfterBackupRestoration (12ms)
Refreshing native plugins compatible for Editor in 9.86 ms, found 4 plugins.
Preloading 0 native plugins for Editor in 0.00 ms.
Unloading 4493 Unused Serialized files (Serialized files now loaded: 0)
Unloading 162 unused Assets / (0.7 MB). Loaded Objects now: 4884.
Memory consumption went from 210.2 MB to 209.4 MB.
Total: 4.866708 ms (FindLiveObjects: 0.207000 ms CreateObjectMapping: 0.115834 ms MarkObjects: 4.047000 ms  DeleteObjects: 0.496292 ms)

Prepare: number of updated asset objects reloaded= 0
AssetImportParameters requested are different than current active one (requested -> active):
  custom:container-demuxer-ogg: 62fdf1f143b41e24485cea50d1cbac27 -> 
  custom:video-decoder-ogg-theora: a1e56fd34408186e4bbccfd4996cb3dc -> 
  custom:CustomObjectIndexerAttribute: 756ad292c208cfabdd7b50bc23989ffe -> 
  custom:container-demuxer-webm: 4f35f7cbe854078d1ac9338744f61a02 -> 
  custom:container-muxer-webm: aa71ff27fc2769a1b78a27578f13a17b -> 
  custom:video-decoder-webm-vp8: 9c59270c3fd7afecdb556c50c9e8de78 -> 
  custom:SearchIndexIgnoredProperties: e643bd26f0fe6173181afceb89e7c659 -> 
  custom:AudioImporter_EditorPlatform: 3918e3fc78b5a79bad01e8451be0beb8 -> 
  custom:framework-osx-AVFoundation: e770b220cccbd017edd2c1fefb359320 -> 
  custom:video-encoder-webm-vp8: eb34c28f22e8b96e1ab97ce403110664 -> 
  custom:audio-decoder-ogg-vorbis: bf7c407c2cedff20999df2af8eb42d56 -> 
  custom:audio-encoder-webm-vorbis: bf7c407c2cedff20999df2af8eb42d56 -> 
========================================================================
Received Prepare
Refreshing native plugins compatible for Editor in 11.26 ms, found 4 plugins.
Preloading 0 native plugins for Editor in 0.00 ms.
Unloading 18 Unused Serialized files (Serialized files now loaded: 0)
Unloading 18 unused Assets / (0.7 MB). Loaded Objects now: 4884.
Memory consumption went from 140.6 MB to 139.9 MB.
Total: 11.060166 ms (FindLiveObjects: 0.358792 ms CreateObjectMapping: 0.126625 ms MarkObjects: 10.132541 ms  DeleteObjects: 0.441583 ms)

Prepare: number of updated asset objects reloaded= 0
AssetImportParameters requested are different than current active one (requested -> active):
  custom:container-demuxer-ogg: 62fdf1f143b41e24485cea50d1cbac27 -> 
  custom:video-decoder-ogg-theora: a1e56fd34408186e4bbccfd4996cb3dc -> 
  custom:CustomObjectIndexerAttribute: 756ad292c208cfabdd7b50bc23989ffe -> 
  custom:container-demuxer-webm: 4f35f7cbe854078d1ac9338744f61a02 -> 
  custom:container-muxer-webm: aa71ff27fc2769a1b78a27578f13a17b -> 
  custom:video-decoder-webm-vp8: 9c59270c3fd7afecdb556c50c9e8de78 -> 
  custom:SearchIndexIgnoredProperties: e643bd26f0fe6173181afceb89e7c659 -> 
  custom:AudioImporter_EditorPlatform: 3918e3fc78b5a79bad01e8451be0beb8 -> 
  custom:framework-osx-AVFoundation: e770b220cccbd017edd2c1fefb359320 -> 
  custom:video-encoder-webm-vp8: eb34c28f22e8b96e1ab97ce403110664 -> 
  custom:audio-decoder-ogg-vorbis: bf7c407c2cedff20999df2af8eb42d56 -> 
  custom:audio-encoder-webm-vorbis: bf7c407c2cedff20999df2af8eb42d56 -> 
========================================================================
Received Import Request.
  Time since last request: 253.491981 seconds.
  path: Assets/Scenes/MainMenu.unity
  artifactKey: Guid(2cda990e2423bbf4892e6590ba056729) Importer(815301076,1909f56bfc062723c751e8b465ee728b)
Start importing Assets/Scenes/MainMenu.unity using Guid(2cda990e2423bbf4892e6590ba056729) Importer(815301076,1909f56bfc062723c751e8b465ee728b)  -> (artifact id: '8c34d7f6a08747208fb720f72f96cab3') in 0.005637 seconds
Number of updated asset objects reloaded before import = 0
Number of asset objects unloaded after import = 0
========================================================================
Received Prepare
Begin MonoManager ReloadAssembly
Thread 0x16d767000 may have been prematurely finalized
- Loaded All Assemblies, in  0.882 seconds
Refreshing native plugins compatible for Editor in 10.50 ms, found 4 plugins.
Native extension for OSXStandalone target not found
Native extension for WebGL target not found
[Package Manager] Server::EnsureServerProcessIsRunning -- launch failed, reason: Unity was launched with the -noUpm command-line argument
[Package Manager] UpmClient::Send -- Unable to send message (not connected to UPM process).
[Package Manager] Cannot connect to Unity Package Manager local server
Mono: successfully reloaded assembly
- Finished resetting the current domain, in  1.229 seconds
Domain Reload Profiling: 2110ms
	BeginReloadAssembly (242ms)
		ExecutionOrderSort (0ms)
		DisableScriptedObjects (33ms)
		BackupInstance (0ms)
		ReleaseScriptingObjects (0ms)
		CreateAndSetChildDomain (109ms)
	RebuildCommonClasses (47ms)
	RebuildNativeTypeToScriptingClass (17ms)
	initialDomainReloadingComplete (72ms)
	LoadAllAssembliesAndSetupDomain (504ms)
		LoadAssemblies (477ms)
		RebuildTransferFunctionScriptingTraits (0ms)
		AnalyzeDomain (92ms)
			TypeCache.Refresh (65ms)
				TypeCache.ScanAssembly (38ms)
			ScanForSourceGeneratedMonoScriptInfo (18ms)
			ResolveRequiredComponents (8ms)
	FinalizeReload (1229ms)
		ReleaseScriptCaches (0ms)
		RebuildScriptCaches (0ms)
		SetupLoadedEditorAssemblies (474ms)
			LogAssemblyErrors (0ms)
			InitializePlatformSupportModulesInManaged (5ms)
			SetLoadedEditorAssemblies (6ms)
			RefreshPlugins (0ms)
			BeforeProcessingInitializeOnLoad (69ms)
			ProcessInitializeOnLoadAttributes (359ms)
			ProcessInitializeOnLoadMethodAttributes (33ms)
			AfterProcessingInitializeOnLoad (2ms)
			EditorAssembliesLoaded (0ms)
		ExecutionOrderSort2 (0ms)
		AwakeInstancesAfterBackupRestoration (11ms)
Refreshing native plugins compatible for Editor in 11.10 ms, found 4 plugins.
Preloading 0 native plugins for Editor in 0.00 ms.
Unloading 4493 Unused Serialized files (Serialized files now loaded: 0)
Unloading 162 unused Assets / (0.7 MB). Loaded Objects now: 4888.
Memory consumption went from 216.4 MB to 215.6 MB.
Total: 5.592500 ms (FindLiveObjects: 0.236708 ms CreateObjectMapping: 0.137000 ms MarkObjects: 4.666209 ms  DeleteObjects: 0.551750 ms)

Prepare: number of updated asset objects reloaded= 0
AssetImportParameters requested are different than current active one (requested -> active):
  custom:container-demuxer-ogg: 62fdf1f143b41e24485cea50d1cbac27 -> 
  custom:video-decoder-ogg-theora: a1e56fd34408186e4bbccfd4996cb3dc -> 
  custom:CustomObjectIndexerAttribute: 756ad292c208cfabdd7b50bc23989ffe -> 
  custom:container-demuxer-webm: 4f35f7cbe854078d1ac9338744f61a02 -> 
  custom:container-muxer-webm: aa71ff27fc2769a1b78a27578f13a17b -> 
  custom:video-decoder-webm-vp8: 9c59270c3fd7afecdb556c50c9e8de78 -> 
  custom:SearchIndexIgnoredProperties: e643bd26f0fe6173181afceb89e7c659 -> 
  custom:AudioImporter_EditorPlatform: 3918e3fc78b5a79bad01e8451be0beb8 -> 
  custom:framework-osx-AVFoundation: e770b220cccbd017edd2c1fefb359320 -> 
  custom:video-encoder-webm-vp8: eb34c28f22e8b96e1ab97ce403110664 -> 
  custom:audio-decoder-ogg-vorbis: bf7c407c2cedff20999df2af8eb42d56 -> 
  custom:audio-encoder-webm-vorbis: bf7c407c2cedff20999df2af8eb42d56 -> 
========================================================================
Received Prepare
Refreshing native plugins compatible for Editor in 24.62 ms, found 4 plugins.
Preloading 0 native plugins for Editor in 0.00 ms.
Unloading 18 Unused Serialized files (Serialized files now loaded: 0)
Unloading 18 unused Assets / (0.7 MB). Loaded Objects now: 4888.
Memory consumption went from 146.8 MB to 146.1 MB.
Total: 15.216333 ms (FindLiveObjects: 0.587834 ms CreateObjectMapping: 0.451459 ms MarkObjects: 13.433917 ms  DeleteObjects: 0.741708 ms)

Prepare: number of updated asset objects reloaded= 0
AssetImportParameters requested are different than current active one (requested -> active):
  custom:container-demuxer-ogg: 62fdf1f143b41e24485cea50d1cbac27 -> 
  custom:video-decoder-ogg-theora: a1e56fd34408186e4bbccfd4996cb3dc -> 
  custom:CustomObjectIndexerAttribute: 756ad292c208cfabdd7b50bc23989ffe -> 
  custom:container-demuxer-webm: 4f35f7cbe854078d1ac9338744f61a02 -> 
  custom:container-muxer-webm: aa71ff27fc2769a1b78a27578f13a17b -> 
  custom:video-decoder-webm-vp8: 9c59270c3fd7afecdb556c50c9e8de78 -> 
  custom:SearchIndexIgnoredProperties: e643bd26f0fe6173181afceb89e7c659 -> 
  custom:AudioImporter_EditorPlatform: 3918e3fc78b5a79bad01e8451be0beb8 -> 
  custom:framework-osx-AVFoundation: e770b220cccbd017edd2c1fefb359320 -> 
  custom:video-encoder-webm-vp8: eb34c28f22e8b96e1ab97ce403110664 -> 
  custom:audio-decoder-ogg-vorbis: bf7c407c2cedff20999df2af8eb42d56 -> 
  custom:audio-encoder-webm-vorbis: bf7c407c2cedff20999df2af8eb42d56 -> 
